Pegando extrato do id: ,1
Resultado extrato: ,-1
Pegando extrato do id: ,1
Resultado extrato: ,-1
1,d,validacao,1
1,d,validacao,1
1,d,validacao,1
1,d,validacao,1
1,d,validacao,1
1,d,validacao,1
1,d,validacao,1
1,d,validacao,1
1,d,validacao,1
1,d,validacao,1
1,d,validacao,1
1,d,validacao,1
1,d,validacao,1
1,d,validacao,1
1,d,validacao,1
1,d,validacao,1
1,d,validacao,1
1,d,validacao,1
1,d,validacao,1
1,d,validacao,1
1,d,validacao,1
1,d,validacao,1
1,d,validacao,1
1,d,validacao,1
1,d,validacao,1
Pegando extrato do id: ,1
Resultado extrato: ,-1
1,c,validacao,1
1,c,validacao,1
1,c,validacao,1
1,c,validacao,1
1,c,validacao,1
1,c,validacao,1
1,c,validacao,1
1,c,validacao,1
1,c,validacao,1
1,c,validacao,1
1,c,validacao,1
1,c,validacao,1
1,c,validacao,1
1,c,validacao,1
1,c,validacao,1
1,c,validacao,1
1,c,validacao,1
1,c,validacao,1
1,c,validacao,1
1,c,validacao,1
1,c,validacao,1
1,c,validacao,1
1,c,validacao,1
1,c,validacao,1
1,c,validacao,1
Pegando extrato do id: ,1
Resultado extrato: ,-1
Pegando extrato do id: ,6
Pegando extrato do id: ,1
Pegando extrato do id: ,5
Pegando extrato do id: ,3
Pegando extrato do id: ,2
Pegando extrato do id: ,4
Resultado extrato: ,-1
Resultado extrato: ,1
Resultado extrato: ,1
Resultado extrato: ,1
Resultado extrato: ,1
1,c,toma,1
1,c,toma,5
1,c,toma,3
1,c,toma,2
1,c,toma,4
1,d,devolve,1
1,d,devolve,2
1,d,devolve,3
1,d,devolve,4
1,d,devolve,5
Pegando extrato do id: ,1
Pegando extrato do id: ,2
Pegando extrato do id: ,3
Pegando extrato do id: ,4
Pegando extrato do id: ,5
Resultado extrato: ,-1
Resultado extrato: ,1
Resultado extrato: ,1
Resultado extrato: ,1
Resultado extrato: ,1
1.2,d,devolve,5
1.2,d,devolve,4
1.2,d,devolve,3
1.2,d,devolve,1
1.2,d,devolve,2
Pegando extrato do id: ,4
Resultado extrato: ,1
8192,d,whLIwjPCIX,3
5351,c,KpRWWuaJRY,3
4997,d,FEBBjFfsq1,1
Pegando extrato do id: ,2
3335,c,cKO7dFNQjX,4
Resultado extrato: ,1
5162,d,acfWlZ9KTp,2
5714,d,gUrdFO3eXs,1
2807,c,C37k8elHFc,2
9977,d,Lk2FrsMjig,5
Pegando extrato do id: ,5
2807,d,UW0rbSSVqo,2
2901,c,b006J2Pk2d,3
Resultado extrato: ,1
1282,d,34bDbSu4Hf,4
1211,c,MYy1ldfyDY,2
2302,d,QS5Pks4ejD,2
4172,c,8V1uXTcYJo,4
7443,d,sGLzdcM4C1,4
6565,d,QMTDG8cwON,1
9500,c,J6BVFJtet7,3
3314,d,yab3gsSe5J,5
6412,d,1ZU0ayVMEr,3
Pegando extrato do id: ,5
3535,c,WaaR7A9ArS,2
Resultado extrato: ,1
2628,d,8ZOSPhAktJ,4
5203,c,elCcDJhuJO,2
430,d,oqeUoxwJRH,4
5693,d,jSCcm12ras,5
5450,c,cMqX5fElpY,4
2399,d,utxwQcTVkh,2
4868,d,bwOSylsW6r,1
3088,c,Tn9jaMafG5,5
3490,d,vzpzVeYuur,4
1444,c,DGzzTanAIr,5
9092,d,VnVgLDNGCm,1
Pegando extrato do id: ,3
Resultado extrato: ,1
2753,d,i8xqu39DdQ,1
8825,c,IucON65tP5,5
8812,d,bYBkd7GXDS,2
3045,d,gaU330HXnI,5
8878,c,MHnATpK08e,2
6168,d,KlVy1ZSbKG,5
6735,d,YLrJ0Xk7BB,3
6771,c,xhwO2mCW5H,4
3561,d,gursoz8wyb,4
8360,d,fEtO6oAL5D,5
3801,c,tAZApdMkMn,1
6222,d,v8t7hjgb5j,1
Pegando extrato do id: ,5
6028,c,UrCKU59Y9H,4
9593,d,HhrA4YwgJm,1
Resultado extrato: ,1
7565,d,4RmBDGKB4L,4
9409,c,lPbVdvHxwV,5
4996,d,uFhyrWPBIi,3
4234,d,HMsXkse48S,3
4375,c,ZiUTXzKEgc,1
3729,d,BJmHBgyyJD,2
5737,d,b3NmKF89cC,4
Pegando extrato do id: ,1
3663,c,FIS8C6hvyf,2
Resultado extrato: ,-1
2043,d,THzJrPUz9s,5
7863,d,Crnz3XPamn,1
1677,c,gGcCeV0HNW,5
6912,d,mseQQZuijk,1
9687,d,ZRqWMat1kw,5
1102,c,vb7UmXRPg9,4
2045,d,4d9yecy2EI,2
1233,d,CGhOWZpp8a,5
464,c,ikS0Eyh3Wk,5
Pegando extrato do id: ,2
Resultado extrato: ,1
7822,d,gCU6S42Bqq,1
525,c,n9J45mI4sa,1
2803,d,4jm4CBS7bx,5
66,d,8dn29YsfZD,5
3493,c,KVyW7CZVYS,4
4428,d,MhvdMNwzd3,5
7423,d,W1nEJIymMn,5
1526,c,aTyrPaCIWs,1
9018,d,Keyrpsl8Ck,1
834,d,UWyA32lV7I,5
853,c,niykIv6cqg,1
5584,d,HvtKQ9IHtH,3
9980,d,YtpjuUT6vx,2
7351,c,0ixJFFbatt,3
6419,d,tCKtQYcan2,4
7848,d,21NmC1PVzy,2
7051,c,KuHB4pvNmt,4
1345,d,oQ3oHOrzZk,2
Pegando extrato do id: ,1
566,c,UmuKWIlS1S,4
1848,d,U0KUR4Wc2b,5
Resultado extrato: ,-1
7892,d,mbvYomTYAZ,3
5399,c,7ELAmS2Eu2,2
1691,d,H6BS9wmej4,5
2503,d,oc4p7eDy6o,5
39,c,sZiOG4jlSx,3
8514,d,oNKkoNvdbW,5
5327,d,ySUTc1stq1,5
2362,c,Tolz0UT1zw,2
2315,d,PMydhf3HB6,3
9086,d,8HYbu3Wu4l,4
260,c,vbSz4EuRdR,1
Pegando extrato do id: ,5
Resultado extrato: ,1
5658,d,b3K4tzWwFY,2
8941,d,uuIMBCfDhD,3
4234,c,fyW8Vum6eF,1
6985,d,ShEHdcFVs1,2
7599,d,vzK9kpYQ8y,4
6075,c,OSvj9mj9Aj,3
9362,d,6QogtKkgDI,4
6776,d,H3pIbrXbby,2
8754,c,E0z95RdFoa,3
4519,d,SwgLMQaco8,5
7562,c,3x0wD0QcqT,2
Pegando extrato do id: ,2
150,d,fmVyRxOlfu,1
Resultado extrato: ,1
9258,d,K9eHxmS2yE,1
1451,d,DjX27gwKmI,4
5998,c,A92nU0ajRV,1
3597,d,49BB7NIbcE,3
4200,c,6Op85qnClO,2
10,d,wvcSxepuye,1
3838,d,lk5yOK9Igw,5
9347,c,fz9bADUhK6,4
1842,d,aJuipN9gFu,4
4205,d,uVyGVoKVEy,1
4009,d,k8nnnfVpBv,5
364,c,tYz5VUv1Uv,5
Pegando extrato do id: ,2
Resultado extrato: ,1
818,d,WC7xtzoImz,5
4947,d,7lqOccD9yx,4
1991,c,wjkuXk8If7,4
1328,d,zthomjjmQE,2
6214,d,gK4WKnxbzH,2
6747,c,TgPBnwlDiY,1
1651,d,p8WzQ1NnyV,1
5765,c,M6kbP18SYI,3
9289,d,2jPjhyHcXt,3
4083,d,o86c5ouWD0,2
5156,d,bSS5INrOOZ,1
Pegando extrato do id: ,1
9094,c,Z5gM3rcZXr,3
Resultado extrato: ,-1
9751,d,nO6Psyiqvl,5
8933,c,eXReRMWpP3,2
971,d,zbQ7wuU2Vn,5
5054,d,bSP7HsLINe,4
6358,c,KCghcRLjv9,3
6858,d,DLWbxBt45K,4
3503,d,zlh6m1zraA,1
4351,c,kmEA8NYY2G,2
6065,d,Ed6bmudRJM,2
3833,d,nF3EtsZdLX,2
3662,c,3bEXc6d2RE,1
2532,d,446ATfUCS8,4
5964,d,KC3DLaDIi0,4
1872,c,lh26o4DlEy,2
6259,d,yDiqhd6TDG,3
814,d,D4m5uyLUoA,2
2446,c,ArVRBeqbZK,1
4688,d,FmiV341RlU,2
5127,d,oPbPEdpOft,3
5037,c,2Izv4wYRkX,5
1982,d,XfX0GWF0q1,2
3420,d,079TnncIPB,3
8051,c,MksTvEXUUN,4
6837,d,wKPtLbdu7j,2
7477,c,Xpj9hbBhj6,4
5172,d,uSyuR3JaOG,2
4817,d,Q2G9nTpC2k,3
9172,c,0IhQhPCT1M,2
181,d,krMsU5tl5S,2
Pegando extrato do id: ,2
Resultado extrato: ,1
8992,d,E444FTqiiY,2
469,d,iCUshS6NcC,5
5081,c,MSYhLZylt1,5
3549,d,OD0GScAnIy,2
3512,c,TZCXOroxig,2
1594,d,27F0C3O5RU,5
1794,d,GVdbc8CIKE,5
5696,d,0fYiXDvEMN,3
9429,c,s0JojD9zrO,1
6165,d,laBvQoIG02,4
5413,d,KvlYLTcBLi,3
1394,c,HAe1PY7Ih3,1
3064,d,cm10Tu9C1t,5
5826,c,S7IvdMIdOT,2
Pegando extrato do id: ,5
3590,d,0eOk0M0PsQ,3
Resultado extrato: ,1
6238,d,LamqLYtwvP,1
3846,d,BxC11zh7Qy,1
8790,c,TvEaWTbymT,4
8786,d,ZsmR3mZ74W,5
5408,c,D0fke18Ccy,2
1353,d,QrEGkstyPW,2
7855,d,QnOOg55HaO,2
9641,d,BdTOcPHQOn,4
8386,c,MErCclIfdK,2
3807,d,SRBSky2y42,4
1250,c,SfQJElvraU,4
1112,d,iBroirQEyy,3
7477,d,Ty6kX5GZXA,4
5408,d,5JrxfNz3zs,3
Pegando extrato do id: ,3
4053,c,CFKPBUsc7D,3
Resultado extrato: ,1
8743,d,4lW3RinBeU,4
5251,c,1oRL47yZXU,1
8029,d,lGqDhXcbUv,2
3166,d,f42knYlTX3,2
532,c,P0simeyTvL,2
5622,d,3H3XgvDO2x,5
2813,d,THX3J1KYjV,1
1865,c,7ePrWovZjG,3
5588,d,4wlRLLJ4y1,5
9790,d,FVzmvxqmVJ,2
45,c,NGXfmd4RVL,4
8039,d,p2EkBsA76W,1
6423,d,4ZwyYDMNfn,2
1825,c,MAumlozZOP,3
1339,d,3Z5bIMOdRF,5
